<?xml version="1.0" encoding="UTF-8"?>
<!-- Generated by org.testng.reporters.JUnitReportReporter -->
<testsuite hostname="DESKTOP-7IK5LDP" failures="0" tests="2" name="amazonregression.Signfb" time="14.780" errors="0" timestamp="2023-04-09T17:36:30 EDT" skipped="0">
  <testcase classname="amazonregression.Signfb" name="f" time="7.418"/>
  <system-out/>
  <testcase classname="amazonregression.Signfb" name="f" time="7.362"/>
  <system-out/>
</testsuite> <!-- amazonregression.Signfb -->
