<?xml version="1.0" encoding="UTF-8"?>
<!-- Generated by org.testng.reporters.JUnitReportReporter -->
<testsuite hostname="DESKTOP-7IK5LDP" failures="0" tests="3" name="amazonregression.signinamazon" time="0.978" errors="0" timestamp="2023-04-14T14:58:05 EDT" skipped="0">
  <testcase classname="amazonregression.signinamazon" name="f" time="0.970"/>
  <system-out/>
  <testcase classname="amazonregression.signinamazon" name="Regression" time="0.006"/>
  <system-out/>
  <testcase classname="amazonregression.signinamazon" name="adhoc" time="0.002"/>
  <system-out/>
</testsuite> <!-- amazonregression.signinamazon -->
